208 160 194 176 208 160 194 177 208 160 208 134 0 
2: Waiting for client
Opponent finding thread started
Client connected
Send thread created
Waiting for client
New client: Receive thread created
110 105 99 107 110 97 109 101 58 105 109 112 receive_buffer_raw = nickname:imp
receive_buffer = nickname:imp
receive_buffer.size = 12
New client: Nickname message received: 'imp'
112 97 115 115 119 111 114 100 58 49 99 97 56 100 98 101 
56 99 49 99 56 52 56 57 100 55 57 98 55 53 56 99 
51 50 54 56 101 98 101 55 98 52 55 102 57 55 49 56 
48 49 55 102 49 48 49 52 48 52 55 48 54 51 57 99 
51 102 98 57 51 100 101 99 49 receive_buffer_raw = password:1ca8dbe8c1c8489d79b758c3268ebe7b47f9718017f10140470639c3fb93dec1
receive_buffer = password:1ca8dbe8c1c8489d79b758c3268ebe7b47f9718017f10140470639c3fb93dec1
receive_buffer.size = 73
New client 'imp': Password message received: '1ca8dbe8c1c8489d79b758c3268ebe7b47f9718017f10140470639c3fb93dec1'
Pass from database: '110b6446ba73be5e166a2d4923934d46ef863f055c0dca048a00f471a4b43693'
Waiting pass: '1ca8dbe8c1c8489d79b758c3268ebe7b47f9718017f10140470639c3fb93dec1' (salt 'd9fa2c85f7a3fea7')
New client 'imp': Password OK
Client connected
Send thread created
Waiting for client
New client: Receive thread created
110 105 99 107 110 97 109 101 58 73 77 80 receive_buffer_raw = nickname:IMP
receive_buffer = nickname:IMP
receive_buffer.size = 12
New client: Nickname message received: 'IMP'
112 97 115 115 119 111 114 100 58 49 98 49 98 55 54 100 
49 54 53 52 56 97 55 97 53 97 100 55 101 51 53 55 
100 51 56 54 50 57 54 51 54 100 54 99 54 51 51 100 
48 100 99 49 55 97 54 56 99 102 56 98 53 101 56 54 
50 56 49 50 54 97 97 55 100 receive_buffer_raw = password:1b1b76d16548a7a5ad7e357d38629636d6c633d0dc17a68cf8b5e8628126aa7d
receive_buffer = password:1b1b76d16548a7a5ad7e357d38629636d6c633d0dc17a68cf8b5e8628126aa7d
receive_buffer.size = 73
New client 'IMP': Password message received: '1b1b76d16548a7a5ad7e357d38629636d6c633d0dc17a68cf8b5e8628126aa7d'
Pass from database: '130229cd36251accf673a6bbd04ae063a6f1f8aa92bda3bec573b679d79f75e5'
Waiting pass: '1b1b76d16548a7a5ad7e357d38629636d6c633d0dc17a68cf8b5e8628126aa7d' (salt '2fc0faf4856eaae1')
New client 'IMP': Password OK
47 102 105 110 100 100 117 101 108 receive_buffer_raw = /findduel
receive_buffer = /findduel
receive_buffer.size = 9
47 102 105 110 100 100 117 101 108 receive_buffer_raw = /findduel
receive_buffer = /findduel
receive_buffer.size = 9
Duel found: IMP VS imp
Generating cards: 5, 5
Game thread started
Sending card messages
Client 5: Disconnected (receive thread)
Client 4: Disconnected (receive thread)
